<?xml version="1.0" encoding="UTF-8"?>
<testsuite xmlns:xsi="http://www.w3.org/2001/XMLSchema-instance" xsi:noNamespaceSchemaLocation="https://maven.apache.org/surefire/maven-surefire-plugin/xsd/surefire-test-report.xsd" name="MyTest" time="0.101" tests="25" errors="0" skipped="0" failures="0">
  <properties>
    <property name="sun.desktop" value="windows"/>
    <property name="awt.toolkit" value="sun.awt.windows.WToolkit"/>
    <property name="file.encoding.pkg" value="sun.io"/>
    <property name="java.specification.version" value="1.8"/>
    <property name="sun.cpu.isalist" value="amd64"/>
    <property name="sun.jnu.encoding" value="Cp1252"/>
    <property name="java.class.path" value="E:\UIC Classes\Year 2 Semester 1\CS 342\Week 7\ProjectTwoJavaFX\JavaFX_MavenTemplate\target\test-classes;E:\UIC Classes\Year 2 Semester 1\CS 342\Week 7\ProjectTwoJavaFX\JavaFX_MavenTemplate\target\classes;C:\Users\jumpe\.m2\repository\org\junit\jupiter\junit-jupiter\5.6.2\junit-jupiter-5.6.2.jar;C:\Users\jumpe\.m2\repository\org\junit\jupiter\junit-jupiter-api\5.6.2\junit-jupiter-api-5.6.2.jar;C:\Users\jumpe\.m2\repository\org\apiguardian\apiguardian-api\1.1.0\apiguardian-api-1.1.0.jar;C:\Users\jumpe\.m2\repository\org\opentest4j\opentest4j\1.2.0\opentest4j-1.2.0.jar;C:\Users\jumpe\.m2\repository\org\junit\platform\junit-platform-commons\1.6.2\junit-platform-commons-1.6.2.jar;C:\Users\jumpe\.m2\repository\org\junit\jupiter\junit-jupiter-params\5.6.2\junit-jupiter-params-5.6.2.jar;C:\Users\jumpe\.m2\repository\org\junit\jupiter\junit-jupiter-engine\5.6.2\junit-jupiter-engine-5.6.2.jar;C:\Users\jumpe\.m2\repository\org\junit\platform\junit-platform-engine\1.6.2\junit-platform-engine-1.6.2.jar;C:\Users\jumpe\.m2\repository\org\openjfx\javafx-controls\12.0.1\javafx-controls-12.0.1.jar;C:\Users\jumpe\.m2\repository\org\openjfx\javafx-controls\12.0.1\javafx-controls-12.0.1-win.jar;C:\Users\jumpe\.m2\repository\org\openjfx\javafx-graphics\12.0.1\javafx-graphics-12.0.1.jar;C:\Users\jumpe\.m2\repository\org\openjfx\javafx-graphics\12.0.1\javafx-graphics-12.0.1-win.jar;C:\Users\jumpe\.m2\repository\org\openjfx\javafx-base\12.0.1\javafx-base-12.0.1.jar;C:\Users\jumpe\.m2\repository\org\openjfx\javafx-base\12.0.1\javafx-base-12.0.1-win.jar;C:\Users\jumpe\.m2\repository\org\openjfx\javafx-fxml\12\javafx-fxml-12.jar;C:\Users\jumpe\.m2\repository\org\openjfx\javafx-fxml\12\javafx-fxml-12-win.jar;"/>
    <property name="java.vm.vendor" value="Oracle Corporation"/>
    <property name="sun.arch.data.model" value="64"/>
    <property name="user.variant" value=""/>
    <property name="java.vendor.url" value="http://java.oracle.com/"/>
    <property name="user.timezone" value="America/Chicago"/>
    <property name="java.vm.specification.version" value="1.8"/>
    <property name="os.name" value="Windows 10"/>
    <property name="user.country" value="US"/>
    <property name="sun.java.launcher" value="SUN_STANDARD"/>
    <property name="sun.boot.library.path" value="D:\Java\jdk1.8.0_261\jre\bin"/>
    <property name="sun.java.command" value="C:\Users\jumpe\AppData\Local\Temp\surefire1098644300397952219\surefirebooter5175851718070397321.jar C:\Users\jumpe\AppData\Local\Temp\surefire1098644300397952219 2020-10-18T20-23-52_976-jvmRun1 surefire3105307028974717724tmp surefire_01278651758869396370tmp"/>
    <property name="surefire.test.class.path" value="E:\UIC Classes\Year 2 Semester 1\CS 342\Week 7\ProjectTwoJavaFX\JavaFX_MavenTemplate\target\test-classes;E:\UIC Classes\Year 2 Semester 1\CS 342\Week 7\ProjectTwoJavaFX\JavaFX_MavenTemplate\target\classes;C:\Users\jumpe\.m2\repository\org\junit\jupiter\junit-jupiter\5.6.2\junit-jupiter-5.6.2.jar;C:\Users\jumpe\.m2\repository\org\junit\jupiter\junit-jupiter-api\5.6.2\junit-jupiter-api-5.6.2.jar;C:\Users\jumpe\.m2\repository\org\apiguardian\apiguardian-api\1.1.0\apiguardian-api-1.1.0.jar;C:\Users\jumpe\.m2\repository\org\opentest4j\opentest4j\1.2.0\opentest4j-1.2.0.jar;C:\Users\jumpe\.m2\repository\org\junit\platform\junit-platform-commons\1.6.2\junit-platform-commons-1.6.2.jar;C:\Users\jumpe\.m2\repository\org\junit\jupiter\junit-jupiter-params\5.6.2\junit-jupiter-params-5.6.2.jar;C:\Users\jumpe\.m2\repository\org\junit\jupiter\junit-jupiter-engine\5.6.2\junit-jupiter-engine-5.6.2.jar;C:\Users\jumpe\.m2\repository\org\junit\platform\junit-platform-engine\1.6.2\junit-platform-engine-1.6.2.jar;C:\Users\jumpe\.m2\repository\org\openjfx\javafx-controls\12.0.1\javafx-controls-12.0.1.jar;C:\Users\jumpe\.m2\repository\org\openjfx\javafx-controls\12.0.1\javafx-controls-12.0.1-win.jar;C:\Users\jumpe\.m2\repository\org\openjfx\javafx-graphics\12.0.1\javafx-graphics-12.0.1.jar;C:\Users\jumpe\.m2\repository\org\openjfx\javafx-graphics\12.0.1\javafx-graphics-12.0.1-win.jar;C:\Users\jumpe\.m2\repository\org\openjfx\javafx-base\12.0.1\javafx-base-12.0.1.jar;C:\Users\jumpe\.m2\repository\org\openjfx\javafx-base\12.0.1\javafx-base-12.0.1-win.jar;C:\Users\jumpe\.m2\repository\org\openjfx\javafx-fxml\12\javafx-fxml-12.jar;C:\Users\jumpe\.m2\repository\org\openjfx\javafx-fxml\12\javafx-fxml-12-win.jar;"/>
    <property name="sun.cpu.endian" value="little"/>
    <property name="user.home" value="C:\Users\jumpe"/>
    <property name="user.language" value="en"/>
    <property name="java.specification.vendor" value="Oracle Corporation"/>
    <property name="java.home" value="D:\Java\jdk1.8.0_261\jre"/>
    <property name="basedir" value="E:\UIC Classes\Year 2 Semester 1\CS 342\Week 7\ProjectTwoJavaFX\JavaFX_MavenTemplate"/>
    <property name="file.separator" value="\"/>
    <property name="line.separator" value="&#10;"/>
    <property name="java.vm.specification.vendor" value="Oracle Corporation"/>
    <property name="java.specification.name" value="Java Platform API Specification"/>
    <property name="java.awt.graphicsenv" value="sun.awt.Win32GraphicsEnvironment"/>
    <property name="surefire.real.class.path" value="C:\Users\jumpe\AppData\Local\Temp\surefire1098644300397952219\surefirebooter5175851718070397321.jar"/>
    <property name="sun.boot.class.path" value="D:\Java\jdk1.8.0_261\jre\lib\resources.jar;D:\Java\jdk1.8.0_261\jre\lib\rt.jar;D:\Java\jdk1.8.0_261\jre\lib\sunrsasign.jar;D:\Java\jdk1.8.0_261\jre\lib\jsse.jar;D:\Java\jdk1.8.0_261\jre\lib\jce.jar;D:\Java\jdk1.8.0_261\jre\lib\charsets.jar;D:\Java\jdk1.8.0_261\jre\lib\jfr.jar;D:\Java\jdk1.8.0_261\jre\classes"/>
    <property name="user.script" value=""/>
    <property name="sun.management.compiler" value="HotSpot 64-Bit Tiered Compilers"/>
    <property name="java.runtime.version" value="1.8.0_261-b12"/>
    <property name="user.name" value="jumpe"/>
    <property name="path.separator" value=";"/>
    <property name="os.version" value="10.0"/>
    <property name="java.endorsed.dirs" value="D:\Java\jdk1.8.0_261\jre\lib\endorsed"/>
    <property name="java.runtime.name" value="Java(TM) SE Runtime Environment"/>
    <property name="file.encoding" value="Cp1252"/>
    <property name="java.vm.name" value="Java HotSpot(TM) 64-Bit Server VM"/>
    <property name="localRepository" value="C:\Users\jumpe\.m2\repository"/>
    <property name="java.vendor.url.bug" value="http://bugreport.sun.com/bugreport/"/>
    <property name="java.io.tmpdir" value="C:\Users\jumpe\AppData\Local\Temp\"/>
    <property name="java.version" value="1.8.0_261"/>
    <property name="user.dir" value="E:\UIC Classes\Year 2 Semester 1\CS 342\Week 7\ProjectTwoJavaFX\JavaFX_MavenTemplate"/>
    <property name="os.arch" value="amd64"/>
    <property name="java.vm.specification.name" value="Java Virtual Machine Specification"/>
    <property name="java.awt.printerjob" value="sun.awt.windows.WPrinterJob"/>
    <property name="sun.os.patch.level" value=""/>
    <property name="java.library.path" value="D:\Java\jdk1.8.0_261\jre\bin;C:\WINDOWS\Sun\Java\bin;C:\WINDOWS\system32;C:\WINDOWS;D:/Java/jdk1.8.0_261/bin/../jre/bin/server;D:/Java/jdk1.8.0_261/bin/../jre/bin;D:/Java/jdk1.8.0_261/bin/../jre/lib/amd64;C:\Program Files (x86)\NVIDIA Corporation\PhysX\Common;C:\WINDOWS\system32;C:\WINDOWS;C:\WINDOWS\System32\Wbem;C:\WINDOWS\System32\WindowsPowerShell\v1.0\;C:\WINDOWS\System32\OpenSSH\;C:\Program Files\dotnet\;C:\Program Files\Microsoft SQL Server\130\Tools\Binn\;C:\ediabas\bin;D:\PuTTY\;C:\Program Files\Microsoft SQL Server\Client SDK\ODBC\170\Tools\Binn\;C:\Program Files\Microsoft SQL Server\Client SDK\ODBC\110\Tools\Binn\;C:\Program Files (x86)\Microsoft SQL Server\120\Tools\Binn\;C:\Program Files\Microsoft SQL Server\120\Tools\Binn\;C:\Program Files\Microsoft SQL Server\120\DTS\Binn\;C:\Program Files (x86)\Windows Kits\8.1\Windows Performance Toolkit\;D:\Apache Software Foundation\apache-maven-3.6.3\bin;D:\Java\jdk1.8.0_261\bin;D:\Java\jre1.8.0_261;C:\Users\jumpe\AppData\Local\Microsoft\WindowsApps;;C:\Program Files (x86)\SSH Communications Security\SSH Secure Shell;D:\SSH Secure Shell;D:\Microsoft VS Code\bin;C:\Users\jumpe\.dotnet\tools;C:\Users\jumpe\AppData\Local\Box\Box Edit\;C:\Users\jumpe\Desktop;;."/>
    <property name="java.vm.info" value="mixed mode"/>
    <property name="java.vendor" value="Oracle Corporation"/>
    <property name="java.vm.version" value="25.261-b12"/>
    <property name="java.ext.dirs" value="D:\Java\jdk1.8.0_261\jre\lib\ext;C:\WINDOWS\Sun\Java\lib\ext"/>
    <property name="sun.io.unicode.encoding" value="UnicodeLittle"/>
    <property name="java.class.version" value="52.0"/>
  </properties>
  <testcase name="tenRandomTest" classname="MyTest" time="0.011"/>
  <testcase name="oneSpotTest" classname="MyTest" time="0"/>
  <testcase name="currentWinningsTest2" classname="MyTest" time="0"/>
  <testcase name="currentWinningsTest3" classname="MyTest" time="0"/>
  <testcase name="currentWinningsTest4" classname="MyTest" time="0"/>
  <testcase name="currentWinningsTest5" classname="MyTest" time="0"/>
  <testcase name="currentWinningsTest6" classname="MyTest" time="0.001"/>
  <testcase name="currentWinningsTest7" classname="MyTest" time="0"/>
  <testcase name="oneRandomTest2" classname="MyTest" time="0.001"/>
  <testcase name="fourRandomTest" classname="MyTest" time="0"/>
  <testcase name="currentWinningsTest" classname="MyTest" time="0"/>
  <testcase name="isInArrayTest" classname="MyTest" time="0"/>
  <testcase name="twentyRandomTest2" classname="MyTest" time="0"/>
  <testcase name="twentyRandomTest" classname="MyTest" time="0"/>
  <testcase name="oneRandomTest" classname="MyTest" time="0"/>
  <testcase name="tenRandomTest2" classname="MyTest" time="0.001"/>
  <testcase name="matchingNumsTest" classname="MyTest" time="0"/>
  <testcase name="isInArrayTest2" classname="MyTest" time="0"/>
  <testcase name="eightRandomTest" classname="MyTest" time="0.001"/>
  <testcase name="matchingNumsTest2" classname="MyTest" time="0.001"/>
  <testcase name="eightRandomTest2" classname="MyTest" time="0.001"/>
  <testcase name="fourRandomTest2" classname="MyTest" time="0"/>
  <testcase name="tenSpotsTest" classname="MyTest" time="0"/>
  <testcase name="fourSpotsTest" classname="MyTest" time="0"/>
  <testcase name="eightSpotsTest" classname="MyTest" time="0"/>
</testsuite>